#
# There is insufficient memory for the Java Runtime Environment to continue.
# Native memory allocation (malloc) failed to allocate 4092 bytes for AllocateHeap
# Possible reasons:
#   The system is out of physical RAM or swap space
#   In 32 bit mode, the process size limit was hit
# Possible solutions:
#   Reduce memory load on the system
#   Increase physical memory or swap space
#   Check if swap backing store is full
#   Use 64 bit Java on a 64 bit OS
#   Decrease Java heap size (-Xmx/-Xms)
#   Decrease number of Java threads
#   Decrease Java thread stack sizes (-Xss)
#   Set larger code cache with -XX:ReservedCodeCacheSize=
# This output file may be truncated or incomplete.
#
#  Out of Memory Error (memory/allocation.inline.hpp:61), pid=11408, tid=10060
#
# JRE version: Java(TM) SE Runtime Environment (7.0_55-b13) (build 1.7.0_55-b13)
# Java VM: Java HotSpot(TM) Client VM (24.55-b03 mixed mode windows-x86 )
# Failed to write core dump. Minidumps are not enabled by default on client versions of Windows
#

---------------  T H R E A D  ---------------

Current thread (0x00b61000):  VMThread [stack: 0x17960000,0x179b0000] [id=10060]

Stack: [0x17960000,0x179b0000],  sp=0x179af614,  free space=317k
Native frames: (J=compiled Java code, j=interpreted, Vv=VM code, C=native code)
V  [jvm.dll+0x18e051]
V  [jvm.dll+0x187f65]
V  [jvm.dll+0x7e446]
V  [jvm.dll+0x7e4ef]
V  [jvm.dll+0xbb17f]
V  [jvm.dll+0xbb320]
V  [jvm.dll+0x198d82]
V  [jvm.dll+0x1991a1]
V  [jvm.dll+0x8fa16]
V  [jvm.dll+0x8bdde]
V  [jvm.dll+0x85b3f]
V  [jvm.dll+0x87abf]
V  [jvm.dll+0x87fc4]
V  [jvm.dll+0x86b75]
V  [jvm.dll+0x8e433]
V  [jvm.dll+0x8551a]
V  [jvm.dll+0x7c163]
V  [jvm.dll+0x19c066]
V  [jvm.dll+0x1662bb]
V  [jvm.dll+0x1656b1]
V  [jvm.dll+0x165ac7]
V  [jvm.dll+0x165cc2]
V  [jvm.dll+0x1a4ab9]
C  [msvcr100.dll+0x5c556]
C  [msvcr100.dll+0x5c600]
C  [KERNEL32.DLL+0x18e94]
C  [ntdll.dll+0x69bc3]
C  [ntdll.dll+0x69b92]

VM_Operation (0x17e2f354): GenCollectForAllocation, mode: safepoint, requested by thread 0x17b00800


---------------  P R O C E S S  ---------------

Java Threads: ( => current thread )
  0x17b5e400 JavaThread "pool-2-thread-1" [_thread_blocked, id=11696, stack(0x17e30000,0x17e80000)]
  0x17b00800 JavaThread "pool-1-thread-1" [_thread_blocked, id=8188, stack(0x17de0000,0x17e30000)]
  0x17a6bc00 JavaThread "Service Thread" daemon [_thread_blocked, id=10472, stack(0x17d40000,0x17d90000)]
  0x17a6a400 JavaThread "C1 CompilerThread0" daemon [_thread_blocked, id=5852, stack(0x17cf0000,0x17d40000)]
  0x17a67800 JavaThread "Attach Listener" daemon [_thread_blocked, id=11116, stack(0x17ca0000,0x17cf0000)]
  0x17a65800 JavaThread "Signal Dispatcher" daemon [_thread_blocked, id=6004, stack(0x17c50000,0x17ca0000)]
  0x00b68800 JavaThread "Finalizer" daemon [_thread_blocked, id=3152, stack(0x17a00000,0x17a50000)]
  0x00b62800 JavaThread "Reference Handler" daemon [_thread_blocked, id=4704, stack(0x179b0000,0x17a00000)]
  0x00a1c800 JavaThread "main" [_thread_blocked, id=3028, stack(0x009c0000,0x00a10000)]

Other Threads:
=>0x00b61000 VMThread [stack: 0x17960000,0x179b0000] [id=10060]
  0x17a89000 WatcherThread [stack: 0x17d90000,0x17de0000] [id=8160]

VM state:at safepoint (normal execution)

VM Mutex/Monitor currently owned by a thread:  ([mutex/lock_event])
[0x00a1a790] Threads_lock - owner thread: 0x00b61000
[0x00a1b278] Heap_lock - owner thread: 0x17b00800

Heap
 def new generation   total 22464K, used 22463K [0x03850000, 0x050a0000, 0x08da0000)
  eden space 20032K, 100% used [0x03850000, 0x04be0000, 0x04be0000)
  from space 2432K,  99% used [0x04be0000, 0x04e3fff8, 0x04e40000)
  to   space 2432K,   0% used [0x04e40000, 0x04e40000, 0x050a0000)
 tenured generation   total 54532K, used 54529K [0x08da0000, 0x0c2e1000, 0x13850000)
   the space 54532K,  99% used [0x08da0000, 0x0c2e0648, 0x0c2e0800, 0x0c2e1000)
 compacting perm gen  total 12288K, used 3588K [0x13850000, 0x14450000, 0x17850000)
   the space 12288K,  29% used [0x13850000, 0x13bd1348, 0x13bd1400, 0x14450000)
No shared spaces configured.

Card table byte_map: [0x17850000,0x17900000] byte_map_base: 0x17833d80

Polling page: 0x00a30000

Code Cache  [0x017d0000, 0x01a90000, 0x037d0000)
 total_blobs=1420 nmethods=1271 adapters=85 free_code_cache=29954Kb largest_free_block=30673664

Compilation events (10 events):
Event: 4.022 Thread 0x17a6a400 1267             sun.util.calendar.CalendarDate::setTimeOfDay (6 bytes)
Event: 4.022 Thread 0x17a6a400 nmethod 1267 0x01a8eb08 code [0x01a8ec00, 0x01a8ec90]
Event: 4.022 Thread 0x17a6a400 1268             sun.util.calendar.CalendarDate::setLeapYear (6 bytes)
Event: 4.022 Thread 0x17a6a400 nmethod 1268 0x01a8ecc8 code [0x01a8edc0, 0x01a8ee40]
Event: 4.022 Thread 0x17a6a400 1269             java.util.TimeZone::getDefaultRef (40 bytes)
Event: 4.022 Thread 0x17a6a400 nmethod 1269 0x01a8ee88 code [0x01a8ef90, 0x01a8f048]
Event: 4.022 Thread 0x17a6a400 1270             java.util.TimeZone::getDefaultInAppContext (61 bytes)
Event: 4.022 Thread 0x17a6a400 nmethod 1270 0x01a8f0c8 code [0x01a8f1c0, 0x01a8f230]
Event: 4.022 Thread 0x17a6a400 1271             java.util.Date::getTimeImpl (27 bytes)
Event: 4.022 Thread 0x17a6a400 nmethod 1271 0x01a8f288 code [0x01a8f390, 0x01a8f44c]

GC Heap History (10 events):
Event: 3.049 GC heap after
Heap after GC invocations=40 (full 11):
 def new generation   total 20288K, used 2057K [0x03850000, 0x04e50000, 0x08da0000)
  eden space 18048K,  11% used [0x03850000, 0x03a52620, 0x049f0000)
  from space 2240K,   0% used [0x049f0000, 0x049f0000, 0x04c20000)
  to   space 2240K,   0% used [0x04c20000, 0x04c20000, 0x04e50000)
 tenured generation   total 44980K, used 44980K [0x08da0000, 0x0b98d000, 0x13850000)
   the space 44980K, 100% used [0x08da0000, 0x0b98d000, 0x0b98d000, 0x0b98d000)
 compacting perm gen  total 12288K, used 3572K [0x13850000, 0x14450000, 0x17850000)
   the space 12288K,  29% used [0x13850000, 0x13bcd060, 0x13bcd200, 0x14450000)
No shared spaces configured.
}
Event: 3.172 GC heap before
{Heap before GC invocations=40 (full 11):
 def new generation   total 20288K, used 18048K [0x03850000, 0x04e50000, 0x08da0000)
  eden space 18048K, 100% used [0x03850000, 0x049f0000, 0x049f0000)
  from space 2240K,   0% used [0x049f0000, 0x049f0000, 0x04c20000)
  to   space 2240K,   0% used [0x04c20000, 0x04c20000, 0x04e50000)
 tenured generation   total 44980K, used 44980K [0x08da0000, 0x0b98d000, 0x13850000)
   the space 44980K, 100% used [0x08da0000, 0x0b98d000, 0x0b98d000, 0x0b98d000)
 compacting perm gen  total 12288K, used 3572K [0x13850000, 0x14450000, 0x17850000)
   the space 12288K,  29% used [0x13850000, 0x13bcd150, 0x13bcd200, 0x14450000)
No shared spaces configured.
Event: 3.364 GC heap after
Heap after GC invocations=41 (full 12):
 def new generation   total 21312K, used 869K [0x03850000, 0x04f70000, 0x08da0000)
  eden space 18944K,   4% used [0x03850000, 0x039295c0, 0x04ad0000)
  from space 2368K,   0% used [0x04ad0000, 0x04ad0000, 0x04d20000)
  to   space 2368K,   0% used [0x04d20000, 0x04d20000, 0x04f70000)
 tenured generation   total 47284K, used 47281K [0x08da0000, 0x0bbcd000, 0x13850000)
   the space 47284K,  99% used [0x08da0000, 0x0bbcc5c8, 0x0bbcc600, 0x0bbcd000)
 compacting perm gen  total 12288K, used 3572K [0x13850000, 0x14450000, 0x17850000)
   the space 12288K,  29% used [0x13850000, 0x13bcd080, 0x13bcd200, 0x14450000)
No shared spaces configured.
}
Event: 3.410 GC heap before
{Heap before GC invocations=41 (full 12):
 def new generation   total 21312K, used 18944K [0x03850000, 0x04f70000, 0x08da0000)
  eden space 18944K, 100% used [0x03850000, 0x04ad0000, 0x04ad0000)
  from space 2368K,   0% used [0x04ad0000, 0x04ad0000, 0x04d20000)
  to   space 2368K,   0% used [0x04d20000, 0x04d20000, 0x04f70000)
 tenured generation   total 47284K, used 47281K [0x08da0000, 0x0bbcd000, 0x13850000)
   the space 47284K,  99% used [0x08da0000, 0x0bbcc5c8, 0x0bbcc600, 0x0bbcd000)
 compacting perm gen  total 12288K, used 3585K [0x13850000, 0x14450000, 0x17850000)
   the space 12288K,  29% used [0x13850000, 0x13bd0498, 0x13bd0600, 0x14450000)
No shared spaces configured.
Event: 3.561 GC heap after
Heap after GC invocations=42 (full 13):
 def new generation   total 21312K, used 2136K [0x03850000, 0x04f70000, 0x08da0000)
  eden space 18944K,  11% used [0x03850000, 0x03a66348, 0x04ad0000)
  from space 2368K,   0% used [0x04d20000, 0x04d20000, 0x04f70000)
  to   space 2368K,   0% used [0x04ad0000, 0x04ad0000, 0x04d20000)
 tenured generation   total 47284K, used 47282K [0x08da0000, 0x0bbcd000, 0x13850000)
   the space 47284K,  99% used [0x08da0000, 0x0bbcc8b0, 0x0bbcca00, 0x0bbcd000)
 compacting perm gen  total 12288K, used 3585K [0x13850000, 0x14450000, 0x17850000)
   the space 12288K,  29% used [0x13850000, 0x13bd0498, 0x13bd0600, 0x14450000)
No shared spaces configured.
}
Event: 3.615 GC heap before
{Heap before GC invocations=42 (full 13):
 def new generation   total 21312K, used 18944K [0x03850000, 0x04f70000, 0x08da0000)
  eden space 18944K, 100% used [0x03850000, 0x04ad0000, 0x04ad0000)
  from space 2368K,   0% used [0x04d20000, 0x04d20000, 0x04f70000)
  to   space 2368K,   0% used [0x04ad0000, 0x04ad0000, 0x04d20000)
 tenured generation   total 47284K, used 47282K [0x08da0000, 0x0bbcd000, 0x13850000)
   the space 47284K,  99% used [0x08da0000, 0x0bbcc8b0, 0x0bbcca00, 0x0bbcd000)
 compacting perm gen  total 12288K, used 3588K [0x13850000, 0x14450000, 0x17850000)
   the space 12288K,  29% used [0x13850000, 0x13bd1348, 0x13bd1400, 0x14450000)
No shared spaces configured.
Event: 3.771 GC heap after
Heap after GC invocations=43 (full 14):
 def new generation   total 22464K, used 2326K [0x03850000, 0x050a0000, 0x08da0000)
  eden space 20032K,  11% used [0x03850000, 0x03a95ac8, 0x04be0000)
  from space 2432K,   0% used [0x04be0000, 0x04be0000, 0x04e40000)
  to   space 2432K,   0% used [0x04e40000, 0x04e40000, 0x050a0000)
 tenured generation   total 49716K, used 49714K [0x08da0000, 0x0be2d000, 0x13850000)
   the space 49716K,  99% used [0x08da0000, 0x0be2ca10, 0x0be2cc00, 0x0be2d000)
 compacting perm gen  total 12288K, used 3588K [0x13850000, 0x14450000, 0x17850000)
   the space 12288K,  29% used [0x13850000, 0x13bd1348, 0x13bd1400, 0x14450000)
No shared spaces configured.
}
Event: 3.817 GC heap before
{Heap before GC invocations=43 (full 14):
 def new generation   total 22464K, used 20032K [0x03850000, 0x050a0000, 0x08da0000)
  eden space 20032K, 100% used [0x03850000, 0x04be0000, 0x04be0000)
  from space 2432K,   0% used [0x04be0000, 0x04be0000, 0x04e40000)
  to   space 2432K,   0% used [0x04e40000, 0x04e40000, 0x050a0000)
 tenured generation   total 49716K, used 49714K [0x08da0000, 0x0be2d000, 0x13850000)
   the space 49716K,  99% used [0x08da0000, 0x0be2ca10, 0x0be2cc00, 0x0be2d000)
 compacting perm gen  total 12288K, used 3588K [0x13850000, 0x14450000, 0x17850000)
   the space 12288K,  29% used [0x13850000, 0x13bd1348, 0x13bd1400, 0x14450000)
No shared spaces configured.
Event: 3.976 GC heap after
Heap after GC invocations=44 (full 15):
 def new generation   total 22464K, used 2294K [0x03850000, 0x050a0000, 0x08da0000)
  eden space 20032K,  11% used [0x03850000, 0x03a8dab8, 0x04be0000)
  from space 2432K,   0% used [0x04e40000, 0x04e40000, 0x050a0000)
  to   space 2432K,   0% used [0x04be0000, 0x04be0000, 0x04e40000)
 tenured generation   total 52660K, used 52639K [0x08da0000, 0x0c10d000, 0x13850000)
   the space 52660K,  99% used [0x08da0000, 0x0c107f28, 0x0c108000, 0x0c10d000)
 compacting perm gen  total 12288K, used 3588K [0x13850000, 0x14450000, 0x17850000)
   the space 12288K,  29% used [0x13850000, 0x13bd1348, 0x13bd1400, 0x14450000)
No shared spaces configured.
}
Event: 4.025 GC heap before
{Heap before GC invocations=44 (full 15):
 def new generation   total 22464K, used 20032K [0x03850000, 0x050a0000, 0x08da0000)
  eden space 20032K, 100% used [0x03850000, 0x04be0000, 0x04be0000)
  from space 2432K,   0% used [0x04e40000, 0x04e40000, 0x050a0000)
  to   space 2432K,   0% used [0x04be0000, 0x04be0000, 0x04e40000)
 tenured generation   total 52660K, used 52639K [0x08da0000, 0x0c10d000, 0x13850000)
   the space 52660K,  99% used [0x08da0000, 0x0c107f28, 0x0c108000, 0x0c10d000)
 compacting perm gen  total 12288K, used 3588K [0x13850000, 0x14450000, 0x17850000)
   the space 12288K,  29% used [0x13850000, 0x13bd1348, 0x13bd1400, 0x14450000)
No shared spaces configured.

Deoptimization events (0 events):
No events

Internal exceptions (10 events):
Event: 1.201 Thread 0x00a1c800 Threw 0x03a6de08 at C:\re\jdk7u55\869\hotspot\src\share\vm\prims\jvm.cpp:1244
Event: 1.203 Thread 0x17b00800 Threw 0x03ad9020 at C:\re\jdk7u55\869\hotspot\src\share\vm\prims\jvm.cpp:1244
Event: 1.252 Thread 0x00a1c800 Threw 0x03f71110 at C:\re\jdk7u55\869\hotspot\src\share\vm\prims\jvm.cpp:1244
Event: 1.323 Thread 0x00a1c800 Threw 0x03d09ea0 at C:\re\jdk7u55\869\hotspot\src\share\vm\prims\jvm.cpp:1244
Event: 1.456 Thread 0x00a1c800 Threw 0x03a1d6a8 at C:\re\jdk7u55\869\hotspot\src\share\vm\prims\jvm.cpp:1244
Event: 1.466 Thread 0x17b00800 Threw 0x03dbbe58 at C:\re\jdk7u55\869\hotspot\src\share\vm\prims\jvm.cpp:1244
Event: 3.400 Thread 0x17b00800 Threw 0x048bab08 at C:\re\jdk7u55\869\hotspot\src\share\vm\prims\jvm.cpp:1244
Event: 3.400 Thread 0x17b00800 Threw 0x048c0260 at C:\re\jdk7u55\869\hotspot\src\share\vm\prims\jvm.cpp:1244
Event: 3.400 Thread 0x17b00800 Threw 0x048c5638 at C:\re\jdk7u55\869\hotspot\src\share\vm\prims\jvm.cpp:1244
Event: 3.595 Thread 0x17b00800 Threw 0x042659e0 at C:\re\jdk7u55\869\hotspot\src\share\vm\prims\jvm.cpp:1244

Events (10 events):
Event: 3.400 loading class 0x17bd0788 done
Event: 3.410 Executing VM operation: GenCollectForAllocation
Event: 3.561 Executing VM operation: GenCollectForAllocation done
Event: 3.595 loading class 0x17b75eb0
Event: 3.595 loading class 0x17b75eb0 done
Event: 3.615 Executing VM operation: GenCollectForAllocation
Event: 3.772 Executing VM operation: GenCollectForAllocation done
Event: 3.817 Executing VM operation: GenCollectForAllocation
Event: 3.976 Executing VM operation: GenCollectForAllocation done
Event: 4.025 Executing VM operation: GenCollectForAllocation


Dynamic libraries:
0x00ba0000 - 0x00bcf000 	C:\Program Files\Java\jdk1.7.0_55\bin\java.exe
0x77060000 - 0x771e6000 	C:\WINDOWS\SYSTEM32\ntdll.dll
0x75390000 - 0x75426000 	C:\WINDOWS\System32\KERNEL32.DLL
0x740a0000 - 0x74247000 	C:\WINDOWS\System32\KERNELBASE.dll
0x72570000 - 0x72602000 	C:\WINDOWS\system32\apphelp.dll
0x76d90000 - 0x76e07000 	C:\WINDOWS\System32\ADVAPI32.dll
0x74e10000 - 0x74ece000 	C:\WINDOWS\System32\msvcrt.dll
0x74bb0000 - 0x74bf1000 	C:\WINDOWS\System32\sechost.dll
0x74f40000 - 0x75003000 	C:\WINDOWS\System32\RPCRT4.dll
0x74a50000 - 0x74b99000 	C:\WINDOWS\System32\USER32.dll
0x73e70000 - 0x73e89000 	C:\WINDOWS\System32\win32u.dll
0x74930000 - 0x7495b000 	C:\WINDOWS\System32\GDI32.dll
0x73cb0000 - 0x73e0a000 	C:\WINDOWS\System32\gdi32full.dll
0x6c710000 - 0x6c91a000 	C:\WINDOWS\WinSxS\x86_microsoft.windows.common-controls_6595b64144ccf1df_6.0.14393.953_none_89c2555adb023171\COMCTL32.dll
0x75010000 - 0x75221000 	C:\WINDOWS\System32\combase.dll
0x74840000 - 0x74920000 	C:\WINDOWS\System32\ucrtbase.dll
0x73e10000 - 0x73e6a000 	C:\WINDOWS\System32\bcryptPrimitives.dll
0x74c60000 - 0x74c86000 	C:\WINDOWS\System32\IMM32.DLL
0x77ee0000 - 0x77f9f000 	C:\Program Files\Java\jdk1.7.0_55\jre\bin\msvcr100.dll
0x6dfd0000 - 0x6e350000 	C:\Program Files\Java\jdk1.7.0_55\jre\bin\client\jvm.dll
0x74ba0000 - 0x74ba6000 	C:\WINDOWS\System32\PSAPI.DLL
0x72030000 - 0x72054000 	C:\WINDOWS\SYSTEM32\WINMM.dll
0x60170000 - 0x60178000 	C:\WINDOWS\SYSTEM32\WSOCK32.dll
0x71fe0000 - 0x72003000 	C:\WINDOWS\SYSTEM32\WINMMBASE.dll
0x74ed0000 - 0x74f33000 	C:\WINDOWS\System32\WS2_32.dll
0x73ee0000 - 0x73f16000 	C:\WINDOWS\System32\cfgmgr32.dll
0x703c0000 - 0x703cc000 	C:\Program Files\Java\jdk1.7.0_55\jre\bin\verify.dll
0x703a0000 - 0x703c0000 	C:\Program Files\Java\jdk1.7.0_55\jre\bin\java.dll
0x5a970000 - 0x5a983000 	C:\Program Files\Java\jdk1.7.0_55\jre\bin\zip.dll
0x57d20000 - 0x57d34000 	C:\Program Files\Java\jdk1.7.0_55\jre\bin\net.dll
0x735e0000 - 0x73630000 	C:\WINDOWS\system32\mswsock.dll
0x6afe0000 - 0x6afef000 	C:\Program Files\Java\jdk1.7.0_55\jre\bin\nio.dll
0x669a0000 - 0x66ae5000 	C:\WINDOWS\SYSTEM32\dbghelp.dll

VM Arguments:
java_command: C:\Program Files\Android\android-sdk\build-tools\23.0.2\\lib\dx.jar --no-strict --dex --output=obj\Debug\android\bin obj\Debug\android\bin\classes C:\Program Files\Reference Assemblies\Microsoft\Framework\MonoAndroid\v7.0\mono.android.jar obj\Debug\__library_projects__\Square.OkHttp\library_project_imports\okhttp-2.4.0.jar obj\Debug\__library_projects__\Square.OkIO\library_project_imports\okio-1.5.0.jar obj\Debug\__library_projects__\Square.Picasso\library_project_imports\picasso-2.5.2.jar obj\Debug\__library_projects__\Xamarin.Android.Support.Compat\library_project_imports\classes.jar obj\Debug\__library_projects__\Xamarin.Android.Support.Core.UI\library_project_imports\classes.jar obj\Debug\__library_projects__\Xamarin.Android.Support.Core.Utils\library_project_imports\classes.jar obj\Debug\__library_projects__\Xamarin.Android.Support.Fragment\library_project_imports\classes.jar obj\Debug\__library_projects__\Xamarin.Android.Support.Media.Compat\library_project_imports\classes.jar obj\Debug\__library_projects__\Xamarin.Android.Support.v4\library_project_imports\classes.jar obj\Debug\__library_projects__\Xamarin.Android.Support.v7.RecyclerView\library_project_imports\classes.jar
Launcher Type: SUN_STANDARD

Environment Variables:
PATH=C:\Program Files\Java\jdk1.7.0_55\bin;C:\Program Files\Microsoft Visual Studio 14.0\Common7\IDE\Extensions\tzekz13u.2ke\NativeBinaries\x86;C:\ProgramData\Oracle\Java\javapath;C:\WINDOWS\system32;C:\WINDOWS;C:\WINDOWS\System32\Wbem;C:\WINDOWS\System32\WindowsPowerShell\v1.0\;USERPROFILE\.dnx\bin;C:\Program Files\Microsoft DNX\Dnvm\;C:\Program Files\Windows Kits\10\Windows Performance Toolkit\;C:\Users\Pratik Pc\AppData\Local\Microsoft\WindowsApps;D:\Pratik\Xamarin\MovieDemo\packages\Newtonsoft.Json.10.0.2\tools;D:\Pratik\Xamarin\MovieDemo\packages\NUnitTestAdapter.2.0.0\tools;D:\Pratik\Xamarin\MovieDemo\packages\Xamarin.UITest.1.3.8\tools
USERNAME=Pratik Pc
OS=Windows_NT
PROCESSOR_IDENTIFIER=x86 Family 6 Model 58 Stepping 9, GenuineIntel



---------------  S Y S T E M  ---------------

OS: Windows 8.1 Build 9600 

CPU:total 2 (2 cores per cpu, 1 threads per core) family 6 model 58 stepping 9, cmov, cx8, fxsr, mmx, sse, sse2, sse3, ssse3, sse4.1, sse4.2, popcnt, erms, tsc, tscinvbit, tscinv

Memory: 4k page, physical 3571056k(733048k free), swap 3571056k(1880k free)

vm_info: Java HotSpot(TM) Client VM (24.55-b03) for windows-x86 JRE (1.7.0_55-b13), built on Mar 17 2014 20:01:11 by "java_re" with unknown MS VC++:1600

time: Sat Apr 15 07:33:34 2017
elapsed time: 4 seconds

